<?xml version="1.0" encoding="UTF-8"?>
<!-- Generated by org.testng.reporters.JUnitXMLReporter -->
<testsuite ignored="9" hostname="Mruanals-MBP.lan" failures="0" tests="1" name="ChromeTest" time="0.174" errors="0" timestamp="2025-01-24T22:29:28 IST">
  <testcase classname="base.BaseTest" name="@BeforeMethod beforeMethod" time="0.002">
    <failure type="java.lang.NullPointerException" message="Cannot invoke &amp;quot;com.aventstack.extentreports.ExtentReports.createTest(String)&amp;quot; because &amp;quot;this.extent&amp;quot; is null">
      <![CDATA[java.lang.NullPointerException: Cannot invoke "com.aventstack.extentreports.ExtentReports.createTest(String)" because "this.extent" is null
at base.BaseTest.beforeMethod(BaseTest.java:51)
at java.base/java.util.ArrayList.forEach(ArrayList.java:1597)
... Removed 29 stack frames]]>
    </failure>
  </testcase> <!-- @BeforeMethod beforeMethod -->
  <testcase classname="base.BaseTest" name="@AfterMethod afterMethod" time="0.0">
    <skipped/>
  </testcase> <!-- @AfterMethod afterMethod -->
  <testcase classname="inventory.test.Ordertest" name="verifytotalOrderValueOfCart" time="0.0">
    <skipped/>
  </testcase> <!-- verifytotalOrderValueOfCart -->
  <testcase classname="inventory.test.LoginTest" name="loginWithoutUsernameAndPassword" time="0.0">
    <ignored/>
  </testcase> <!-- loginWithoutUsernameAndPassword -->
  <testcase classname="inventory.test.LoginTest" name="loginWithInvalidUsernameAndPassword" time="0.0">
    <ignored/>
  </testcase> <!-- loginWithInvalidUsernameAndPassword -->
  <testcase classname="inventory.test.LoginTest" name="loginWithInvalidUsername" time="0.0">
    <ignored/>
  </testcase> <!-- loginWithInvalidUsername -->
  <testcase classname="inventory.test.Ordertest" name="verifyCreatedOrder" time="0.0">
    <ignored/>
  </testcase> <!-- verifyCreatedOrder -->
  <testcase classname="inventory.test.LoginTest" name="loginWithInvalidPassword" time="0.0">
    <ignored/>
  </testcase> <!-- loginWithInvalidPassword -->
  <testcase classname="inventory.test.Ordertest" name="verifyCreatedOrderWithoutCheckingCheckbox" time="0.0">
    <ignored/>
  </testcase> <!-- verifyCreatedOrderWithoutCheckingCheckbox -->
  <testcase classname="inventory.test.LoginTest" name="loginWithCorrectCredetials" time="0.0">
    <ignored/>
  </testcase> <!-- loginWithCorrectCredetials -->
  <testcase classname="base.BaseTest" name="@BeforeTest beforeTestMethod" time="0.0">
    <ignored/>
  </testcase> <!-- @BeforeTest beforeTestMethod -->
  <testcase classname="base.BaseTest" name="@AfterTest afterTest" time="0.0">
    <ignored/>
  </testcase> <!-- @AfterTest afterTest -->
</testsuite> <!-- ChromeTest -->
