<?xml version="1.0" encoding="UTF-8"?>
<!-- Generated by org.testng.reporters.JUnitXMLReporter -->
<testsuite ignored="4" hostname="Mruanals-MacBook-Pro.local" failures="1" tests="12" name="Test" time="30.841" errors="0" timestamp="2025-01-29T12:58:19 IST">
  <testcase classname="inventory.test.LoginTest" name="loginWithCorrectCredetials" time="0.505"/>
  <testcase classname="inventory.test.LoginTest" name="loginWithInvalidUsername" time="0.435"/>
  <testcase classname="inventory.test.LoginTest" name="loginWithInvalidPassword" time="5.456"/>
  <testcase classname="inventory.test.LoginTest" name="loginWithInvalidUsernameAndPassword" time="0.441"/>
  <testcase classname="inventory.test.LoginTest" name="loginWithoutUsernameAndPassword" time="0.463"/>
  <testcase classname="inventory.test.FormTest" name="verifyCreatedOrder" time="0.9"/>
  <testcase classname="inventory.test.FormTest" name="verifyCreatedOrderWithoutCheckingCheckbox" time="0.901"/>
  <testcase classname="inventory.test.FormTest" name="verifytotalOrderValueOfCart" time="0.707"/>
  <testcase classname="inventory.test.GridTest" name="verifyGridItemAtPosition7" time="0.591"/>
  <testcase classname="inventory.test.GridTest" name="verifyAllGridItemsDetails" time="0.769"/>
  <testcase classname="inventory.test.SearchTest" name="verifySearchFunctionality" time="2.691"/>
  <testcase classname="inventory.test.SearchTest" name="verifyEmptySearchFunctionality" time="3.718">
    <failure type="java.lang.AssertionError" message="Search message is not coming expected [true] but found [false]">
      <![CDATA[java.lang.AssertionError: Search message is not coming expected [true] but found [false]
at pageEvents.SearchPageEvents.emptySearch(SearchPageEvents.java:39)
at inventory.test.SearchTest.verifyEmptySearchFunctionality(SearchTest.java:30)
at java.base/java.util.ArrayList.forEach(ArrayList.java:1597)
... Removed 28 stack frames]]>
    </failure>
  </testcase> <!-- verifyEmptySearchFunctionality -->
  <testcase classname="base.BaseTest" name="@BeforeSuite beforeSuite" time="0.0">
    <ignored/>
  </testcase> <!-- @BeforeSuite beforeSuite -->
  <testcase classname="base.BaseTest" name="@BeforeSuite beforeSuite" time="0.0">
    <ignored/>
  </testcase> <!-- @BeforeSuite beforeSuite -->
  <testcase classname="base.BaseTest" name="@BeforeSuite beforeSuite" time="0.0">
    <ignored/>
  </testcase> <!-- @BeforeSuite beforeSuite -->
  <testcase classname="base.BaseTest" name="@BeforeSuite beforeSuite" time="0.0">
    <ignored/>
  </testcase> <!-- @BeforeSuite beforeSuite -->
</testsuite> <!-- Test -->
